<?xml version="1.0" encoding="UTF-8"?>
<testsuite xmlns:xsi="http://www.w3.org/2001/XMLSchema-instance" xsi:noNamespaceSchemaLocation="https://maven.apache.org/surefire/maven-surefire-plugin/xsd/surefire-test-report.xsd" name="com.example.UnitTest" time="0.035" tests="4" errors="0" skipped="0" failures="0">
  <properties>
[...]
</properties>
  <testcase name="testWithdrawValidAmount" classname="com.example.UnitTest" time="0.018"/>
  <testcase name="testWithdrawInsufficientFunds" classname="com.example.UnitTest" time="0.001"/>
  <testcase name="testDepositNegativeAmount" classname="com.example.UnitTest" time="0.001"/>
  <testcase name="testDepositValidAmount" classname="com.example.UnitTest" time="0.001"/>
</testsuite>