<?xml version="1.0" encoding="UTF-8"?>
<testsuite xmlns:xsi="http://www.w3.org/2001/XMLSchema-instance" xsi:noNamespaceSchemaLocation="https://maven.apache.org/surefire/maven-surefire-plugin/xsd/surefire-test-report-3.0.xsd" version="3.0" name="com.example.EmpWageBuilderTest" time="0.058" tests="4" errors="0" skipped="0" failures="0">
  <properties>
[...]
</properties>
  <testcase name="testAddCompanyAndComputeWage" classname="com.example.EmpWageBuilderTest" time="0.024">
    <system-out><![CDATA[
Company: TCS
Total Days Worked: 20
Total Hours Worked: 80
Total Wage: 1600
Daily Wages: [0, 0, 160, 0, 160, 80, 0, 160, 160, 80, 0, 160, 160, 0, 80, 80, 80, 80, 0, 160]
]]></system-out>
  </testcase>
  <testcase name="testMultipleCompanies" classname="com.example.EmpWageBuilderTest" time="0.003">
    <system-out><![CDATA[
Company: TCS
Total Days Worked: 20
Total Hours Worked: 84
Total Wage: 1680
Daily Wages: [160, 0, 80, 160, 160, 160, 160, 80, 0, 80, 80, 0, 80, 160, 0, 0, 80, 80, 0, 160]

Company: Infosys
Total Days Worked: 22
Total Hours Worked: 84
Total Wage: 2100
Daily Wages: [0, 200, 0, 200, 100, 100, 0, 200, 100, 0, 0, 200, 0, 200, 0, 200, 100, 200, 100, 0, 100, 100]
]]></system-out>
  </testcase>
  <testcase name="testTotalWageIsCalculated" classname="com.example.EmpWageBuilderTest" time="0.001">
    <system-out><![CDATA[
Company: Wipro
Total Days Worked: 10
Total Hours Worked: 52
Total Wage: 1560
Daily Wages: [240, 240, 120, 120, 240, 120, 120, 240, 0, 120]
]]></system-out>
  </testcase>
  <testcase name="testCompanyNotFound" classname="com.example.EmpWageBuilderTest" time="0.002">
    <system-out><![CDATA[
Company: TCS
Total Days Worked: 20
Total Hours Worked: 68
Total Wage: 1360
Daily Wages: [160, 0, 80, 80, 80, 80, 160, 0, 80, 0, 0, 80, 80, 160, 80, 0, 0, 80, 0, 160]
]]></system-out>
  </testcase>
</testsuite>